<?xml version="1.0" encoding="UTF-8"?>
<testsuite xmlns:xsi="http://www.w3.org/2001/XMLSchema-instance" xsi:noNamespaceSchemaLocation="https://maven.apache.org/surefire/maven-surefire-plugin/xsd/surefire-test-report-3.0.xsd" version="3.0" name="MtsHomeworkTest" time="29.337" tests="1" errors="0" skipped="0" failures="0">
  <properties>
[...]
</properties>
  <testcase name="testMtsHomework" classname="MtsHomeworkTest" time="29.213">
    <system-out><![CDATA[=== Содержимое попапа оплаты ===
12.22 BYN
RU
Оплата: Услуги связи Номер:375297777777
или используйте карту
Номер карты
Срок действия
CVC
Имя и фамилия на карте
Сохранить данные карты для последующих оплат
Оплатить 12.22 BYN
Нажимая на кнопку «Оплатить 12.22 BYN», вы соглашаетесь с условиями Платежного соглашения об инициировании платежа.
Безопасная оплата обеспечивается bePaid
=================================
]]></system-out>
    <system-err><![CDATA[SLF4J(W): No SLF4J providers were found.
SLF4J(W): Defaulting to no-operation (NOP) logger implementation
SLF4J(W): See https://www.slf4j.org/codes.html#noProviders for further details.
авг. 06, 2026 5:41:17 AM org.openqa.selenium.devtools.CdpVersionFinder findNearestMatch
WARNING: Unable to find CDP implementation matching 150
авг. 06, 2026 5:41:17 AM org.openqa.selenium.chromium.ChromiumDriver lambda$new$5
WARNING: Unable to find version of CDP to use for 150.0.7871.188. You may need to include a dependency on a specific version of the CDP using something similar to `org.seleniumhq.selenium:selenium-devtools-v86:4.21.0` where the version ("v86") matches the version of the chromium-based browser you're using and the version number of the artifact is the same as Selenium's.
]]></system-err>
  </testcase>
</testsuite>